<?xml version="1.0" encoding="UTF-8"?>
<!-- Generated by org.testng.reporters.JUnitXMLReporter -->
<testsuite hostname="SWAMI-COOL" ignored="0" name="test1" tests="1" failures="1" timestamp="2020-10-10T12:32:16 IST" time="43.067" errors="0">
  <testcase name="validteTitle" time="1.537" classname="Acadamy.ValidateTitle">
    <failure type="java.lang.AssertionError" message="expected [COnTACT] but found [CONTACT]">
      <![CDATA[java.lang.AssertionError: expected [COnTACT] but found [CONTACT]
at Acadamy.ValidateTitle.validteTitle(ValidateTitle.java:35)
at java.util.ArrayList.forEach(ArrayList.java:1257)
at java.util.concurrent.FutureTask.run(FutureTask.java:266)
at java.util.concurrent.ThreadPoolExecutor.runWorker(ThreadPoolExecutor.java:1149)
at java.util.concurrent.ThreadPoolExecutor$Worker.run(ThreadPoolExecutor.java:624)
at java.lang.Thread.run(Thread.java:748)
... Removed 24 stack frames]]>
    </failure>
  </testcase> <!-- validteTitle -->
</testsuite> <!-- test1 -->
