<?xml version="1.0" encoding="UTF-8"?>
<testsuite xmlns:xsi="http://www.w3.org/2001/XMLSchema-instance" xsi:noNamespaceSchemaLocation="https://maven.apache.org/surefire/maven-surefire-plugin/xsd/surefire-test-report-3.0.xsd" version="3.0" name="TestSuite" time="78.539" tests="4" errors="0" skipped="0" failures="0">
  <properties>
[...]
</properties>
  <testcase name="basePageNavigation" classname="Acadamy.ValidateNavigationBar" time="1.844">
    <system-err><![CDATA[ERROR StatusLogger No log4j2 configuration file found. Using default configuration: logging only errors to the console.
Starting ChromeDriver 85.0.4183.87 (cd6713ebf92fa1cacc0fS1taa5r9t8idnfg28 0C09h3rafo0mc5ed7D-rriefvs/ebrran c8h-h5e.ad0s./44118833@{.#81678 9(})c odn 6p7or1t3 2e5b09f592f
aO1nclayc lco0cfa1la 5c9o8ndnfe2c8t0i0on9s3a far0ce 5dal7l-roewfeds/.bra
nPcleh-ashee adses/41e8 3ht@t{p#s1:6/8/9c})h roonm epdorrti 2v5e0r5.c
SOhtnralorym tiliouncmg.a olC rhgcr/oonsmeneecDucrrtiiivtoeynrs- c 8ao5nr.se0i .da4le1lr83oa.wt8ei7do n.(sc 
dfP6lo7er1 a3essbuef g9sg2eefesat 1ihcottanpcssc0 :f1/oan/5 9c8khderfeo2mp8ie0n0dgr9 Ci3havroefmr0e.cDc5rhdivr7er-o rmsieauffsm/.beor.argn
/cshec-uhreiatdys/-4c1o8n3@s{i#d16e89r}a)t ioonn spo frot r1 1s6u8g7ge
sOtnilyo nlso coanl  ckoenenepcitnigo nCs harroe maelDlrowievde.r 
sPlaefaese. s
ee https://chromedriver.chromium.org/security-considerations for suggestions on keeping ChromeDriver safe.
CChrhoCrmhoremoDemrDeriDivrverei rvw ewaras  sw sastsat arsrttteade dsr ustuceccdecs essusfcuclelys.s
fsufulllyly..

Oct 06, 2020 3:54:51 PM org.openqa.selenium.remote.ProtocolHandshake createSession
INFO: Detected dialect: W3C
Oct 06, 2020 3:54:51 PM org.openqa.selenium.remote.ProtocolHandshake createSession
INFO: Detected dialect: W3C
Oct 06, 2020 3:54:51 PM org.openqa.selenium.remote.ProtocolHandshake createSession
INFO: Detected dialect: W3C
]]></system-err>
  </testcase>
  <testcase name="basePageNavigation" classname="Acadamy.ValidateTitle" time="2.383"/>
  <testcase name="basePageNavigation[nonristricted@qk.com, 2345, Non Ristrickted User](1)" classname="Acadamy.HomePage" time="11.577">
    <system-out><![CDATA[Non Ristrickted User
]]></system-out>
  </testcase>
  <testcase name="basePageNavigation[nonrestricted@qk.com, 2345, Restricted User](2)" classname="Acadamy.HomePage" time="4.912">
    <system-out><![CDATA[Restricted User
]]></system-out>
  </testcase>
</testsuite>